{"name": "test_openEnterValuePage", "status": "failed", "statusDetails": {"message": "AssertionError", "trace": "self = <mobile_testing.tests.TestEnterSomeValuePage.TestEnterSomeValuePage testMethod=test_openEnterValuePage>\n\n    @pytest.mark.order(1)\n    def test_openEnterValuePage(self):\n        cl.allureLogs(\"App is Launched\")\n        self.esp.openEnterValuePage()\n>       self.esp.verifyIfPageDisplayed()\n\nTestEnterSomeValuePage.py:17: \n_ _ _ _ _ _ _ _ _ _ _ _ _ _ _ _ _ _ _ _ _ _ _ _ _ _ _ _ _ _ _ _ _ _ _ _ _ _ _ _\n\nself = <pages.EnterSomeValuePage.EnterValue object at 0x7fac684e74c0>\n\n    def verifyIfPageDisplayed(self):\n        element = self.is_element_displayed(self._verify_if_page_displayed, \"text\")\n>       assert element == True\nE       AssertionError\n\n../pages/EnterSomeValuePage.py:22: AssertionError"}, "steps": [{"name": "App is Launched", "status": "passed", "start": 1722878228181, "stop": 1722878228181}, {"name": "Clicked on Enter Some Value Page", "status": "passed", "start": 1722878228844, "stop": 1722878228844}], "attachments": [{"name": "log", "source": "3036244b-e7c4-42a6-9d00-5384a9652d07-attachment.txt", "type": "text/plain"}], "start": 1722878228181, "stop": 1722878228879, "uuid": "ca077a37-bda5-499e-953e-990dba823be0", "historyId": "78d6b7b5663fa1f1564461d50d35875f", "testCaseId": "78d6b7b5663fa1f1564461d50d35875f", "fullName": "TestEnterSomeValuePage.TestEnterSomeValuePage#test_openEnterValuePage", "labels": [{"name": "tag", "value": "order(1)"}, {"name": "tag", "value": "@pytest.mark.usefixtures('beforeClass', 'beforeMethod')"}, {"name": "suite", "value": "TestEnterSomeValuePage"}, {"name": "subSuite", "value": "TestEnterSomeValuePage"}, {"name": "host", "value": "Nikhils-MacBook-Air.local"}, {"name": "thread", "value": "24631-MainThread"}, {"name": "framework", "value": "pytest"}, {"name": "language", "value": "cpython3"}, {"name": "package", "value": "TestEnterSomeValuePage"}]}